[35m[1mScanning dependencies of target control_msgs_generate_messages_nodejs[0m
[35m[1mScanning dependencies of target nav_msgs_generate_messages_lisp[0m
[35m[1mScanning dependencies of target dynamic_reconfigure_gencfg[0m
[35m[1mScanning dependencies of target dynamic_reconfigure_generate_messages_cpp[0m
[35m[1mScanning dependencies of target nav_msgs_generate_messages_eus[0m
[35m[1mScanning dependencies of target bond_generate_messages_py[0m
[35m[1mScanning dependencies of target nav_msgs_generate_messages_cpp[0m
[35m[1mScanning dependencies of target bond_generate_messages_nodejs[0m
[35m[1mScanning dependencies of target controller_manager_msgs_generate_messages_cpp[0m
[35m[1mScanning dependencies of target bond_generate_messages_eus[0m
[35m[1mScanning dependencies of target nodelet_generate_messages_cpp[0m
[35m[1mScanning dependencies of target imu_filter_madgwick_gencfg[0m
[35m[1mScanning dependencies of target nodelet_generate_messages_py[0m
[35m[1mScanning dependencies of target nodelet_generate_messages_eus[0m
[35m[1mScanning dependencies of target trajectory_msgs_generate_messages_cpp[0m
[35m[1mScanning dependencies of target nodelet_generate_messages_nodejs[0m
[35m[1mScanning dependencies of target controller_manager_msgs_generate_messages_eus[0m
[35m[1mScanning dependencies of target controller_manager_msgs_generate_messages_nodejs[0m
[  0%] Built target nav_msgs_generate_messages_lisp
[  0%] Built target dynamic_reconfigure_gencfg
[35m[1mScanning dependencies of target bond_generate_messages_lisp[0m
[  0%] Built target dynamic_reconfigure_generate_messages_cpp
[  0%] Built target control_msgs_generate_messages_nodejs
[  0%] Built target nav_msgs_generate_messages_eus
[  0%] Built target nav_msgs_generate_messages_cpp
[  0%] Built target imu_filter_madgwick_gencfg
[  0%] Built target bond_generate_messages_nodejs
[  0%] Built target bond_generate_messages_py
[  0%] Built target nodelet_generate_messages_py
[  0%] Built target nodelet_generate_messages_cpp
[  0%] Built target controller_manager_msgs_generate_messages_cpp
[35m[1mScanning dependencies of target trajectory_msgs_generate_messages_lisp[0m
[  0%] Built target nodelet_generate_messages_eus
[  0%] Built target bond_generate_messages_eus
[  0%] Built target trajectory_msgs_generate_messages_cpp
[  0%] Built target controller_manager_msgs_generate_messages_eus
[  0%] Built target nodelet_generate_messages_nodejs
[35m[1mScanning dependencies of target rosgraph_msgs_generate_messages_nodejs[0m
[  0%] Built target bond_generate_messages_lisp
[  0%] Built target controller_manager_msgs_generate_messages_nodejs
[35m[1mScanning dependencies of target nodelet_generate_messages_lisp[0m
[35m[1mScanning dependencies of target actionlib_msgs_generate_messages_py[0m
[35m[1mScanning dependencies of target control_msgs_generate_messages_py[0m
[35m[1mScanning dependencies of target rosgraph_msgs_generate_messages_eus[0m
[35m[1mScanning dependencies of target actionlib_generate_messages_cpp[0m
[35m[1mScanning dependencies of target roscpp_generate_messages_eus[0m
[35m[1mScanning dependencies of target std_msgs_generate_messages_nodejs[0m
[  0%] Built target control_msgs_generate_messages_py
[  0%] Built target actionlib_msgs_generate_messages_py
[  0%] Built target trajectory_msgs_generate_messages_lisp
[  0%] Built target rosgraph_msgs_generate_messages_nodejs
[  0%] Built target actionlib_generate_messages_cpp
[35m[1mScanning dependencies of target geometry_msgs_generate_messages_eus[0m
[  0%] Built target roscpp_generate_messages_eus
[  0%] Built target nodelet_generate_messages_lisp
[  0%] Built target std_msgs_generate_messages_nodejs
[  0%] Built target rosgraph_msgs_generate_messages_eus
[35m[1mScanning dependencies of target std_msgs_generate_messages_cpp[0m
[35m[1mScanning dependencies of target tf2_msgs_generate_messages_cpp[0m
[35m[1mScanning dependencies of target tf_generate_messages_eus[0m
[35m[1mScanning dependencies of target dynamic_reconfigure_generate_messages_lisp[0m
[35m[1mScanning dependencies of target rosgraph_msgs_generate_messages_lisp[0m
[35m[1mScanning dependencies of target roscpp_generate_messages_nodejs[0m
[  0%] Built target dynamic_reconfigure_generate_messages_lisp
[  0%] Built target rosgraph_msgs_generate_messages_lisp
[  0%] Built target geometry_msgs_generate_messages_eus
[  0%] Built target std_msgs_generate_messages_cpp
[  0%] Built target tf_generate_messages_eus
[  0%] Built target tf2_msgs_generate_messages_cpp
[35m[1mScanning dependencies of target geometry_msgs_generate_messages_lisp[0m
[35m[1mScanning dependencies of target roscpp_generate_messages_lisp[0m
[35m[1mScanning dependencies of target sensor_msgs_generate_messages_py[0m
[35m[1mScanning dependencies of target actionlib_generate_messages_lisp[0m
[35m[1mScanning dependencies of target sensor_msgs_generate_messages_nodejs[0m
[35m[1mScanning dependencies of target roscpp_generate_messages_cpp[0m
[35m[1mScanning dependencies of target control_msgs_generate_messages_lisp[0m
[35m[1mScanning dependencies of target controller_manager_msgs_generate_messages_lisp[0m
[35m[1mScanning dependencies of target tf2_msgs_generate_messages_eus[0m
[35m[1mScanning dependencies of target geometry_msgs_generate_messages_py[0m
[  0%] Built target geometry_msgs_generate_messages_lisp
[35m[1mScanning dependencies of target sensor_msgs_generate_messages_eus[0m
[  0%] Built target controller_manager_msgs_generate_messages_lisp
[  0%] Built target actionlib_generate_messages_lisp
[  0%] Built target roscpp_generate_messages_cpp
[  0%] Built target roscpp_generate_messages_nodejs
[  0%] Built target control_msgs_generate_messages_lisp
[  0%] Built target roscpp_generate_messages_lisp
[  0%] Built target sensor_msgs_generate_messages_nodejs
[  0%] Built target tf2_msgs_generate_messages_eus
[  0%] Built target sensor_msgs_generate_messages_py
[35m[1mScanning dependencies of target std_msgs_generate_messages_lisp[0m
[35m[1mScanning dependencies of target sensor_msgs_generate_messages_lisp[0m
[35m[1mScanning dependencies of target rosgraph_msgs_generate_messages_py[0m
[35m[1mScanning dependencies of target nav_msgs_generate_messages_nodejs[0m
[35m[1mScanning dependencies of target std_msgs_generate_messages_py[0m
[35m[1mScanning dependencies of target trajectory_msgs_generate_messages_eus[0m
[35m[1mScanning dependencies of target sensor_msgs_generate_messages_cpp[0m
[35m[1mScanning dependencies of target roscpp_generate_messages_py[0m
[  0%] Built target std_msgs_generate_messages_py
[  0%] Built target sensor_msgs_generate_messages_eus
[  0%] Built target nav_msgs_generate_messages_nodejs
[  0%] Built target geometry_msgs_generate_messages_py
[35m[1mScanning dependencies of target tf2_msgs_generate_messages_py[0m
[  0%] Built target std_msgs_generate_messages_lisp
[  0%] Built target rosgraph_msgs_generate_messages_py
[  0%] Built target sensor_msgs_generate_messages_lisp
[35m[1mScanning dependencies of target dynamic_reconfigure_generate_messages_eus[0m
[35m[1mScanning dependencies of target geometry_msgs_generate_messages_cpp[0m
[35m[1mScanning dependencies of target bond_generate_messages_cpp[0m
[35m[1mScanning dependencies of target geometry_msgs_generate_messages_nodejs[0m
[35m[1mScanning dependencies of target rm_msgs_generate_messages_nodejs[0m
[35m[1mScanning dependencies of target rm_msgs_generate_messages_lisp[0m
[35m[1mScanning dependencies of target dynamic_reconfigure_generate_messages_nodejs[0m
[  0%] Built target geometry_msgs_generate_messages_nodejs
[  0%] Built target geometry_msgs_generate_messages_cpp
[  0%] Built target rm_msgs_generate_messages_nodejs
[  0%] Built target sensor_msgs_generate_messages_cpp
[  0%] Built target trajectory_msgs_generate_messages_eus
[  0%] Built target roscpp_generate_messages_py
[  0%] Built target dynamic_reconfigure_generate_messages_eus
[35m[1mScanning dependencies of target trajectory_msgs_generate_messages_nodejs[0m
[  0%] Built target dynamic_reconfigure_generate_messages_nodejs
[  0%] Built target bond_generate_messages_cpp
[  0%] Built target tf2_msgs_generate_messages_py
[  0%] Built target rm_msgs_generate_messages_lisp
[35m[1mScanning dependencies of target rm_msgs_generate_messages_cpp[0m
[35m[1mScanning dependencies of target rm_msgs_generate_messages_eus[0m
[35m[1mScanning dependencies of target rosgraph_msgs_generate_messages_cpp[0m
[35m[1mScanning dependencies of target rm_msgs_generate_messages_py[0m
[35m[1mScanning dependencies of target actionlib_generate_messages_nodejs[0m
[35m[1mScanning dependencies of target actionlib_generate_messages_py[0m
[35m[1mScanning dependencies of target actionlib_generate_messages_eus[0m
[35m[1mScanning dependencies of target std_msgs_generate_messages_eus[0m
[35m[1mScanning dependencies of target control_msgs_generate_messages_eus[0m
[35m[1mScanning dependencies of target actionlib_msgs_generate_messages_cpp[0m
[35m[1mScanning dependencies of target tf_generate_messages_cpp[0m
[35m[1mScanning dependencies of target actionlib_msgs_generate_messages_lisp[0m
[35m[1mScanning dependencies of target tf_generate_messages_lisp[0m
[  0%] Built target rm_msgs_generate_messages_eus
[35m[1mScanning dependencies of target tf_generate_messages_nodejs[0m
[  0%] Built target trajectory_msgs_generate_messages_nodejs
[  0%] Built target rm_msgs_generate_messages_cpp
[35m[1mScanning dependencies of target nav_msgs_generate_messages_py[0m
[35m[1mScanning dependencies of target controller_manager_msgs_generate_messages_py[0m
[35m[1mScanning dependencies of target trajectory_msgs_generate_messages_py[0m
[  0%] Built target rosgraph_msgs_generate_messages_cpp
[35m[1mScanning dependencies of target actionlib_msgs_generate_messages_nodejs[0m
[35m[1mScanning dependencies of target tf_generate_messages_py[0m
[  0%] Built target rm_msgs_generate_messages_py
[  0%] Built target std_msgs_generate_messages_eus
[  0%] Built target controller_manager_msgs_generate_messages_py
[  0%] Built target actionlib_generate_messages_eus
[  0%] Built target actionlib_msgs_generate_messages_cpp
[  0%] Built target nav_msgs_generate_messages_py
[  0%] Built target trajectory_msgs_generate_messages_py
[  0%] Built target control_msgs_generate_messages_eus
[  0%] Built target actionlib_generate_messages_py
[  0%] Built target tf_generate_messages_cpp
[  0%] Built target actionlib_msgs_generate_messages_lisp
[  0%] Built target tf_generate_messages_nodejs
[35m[1mScanning dependencies of target tf2_msgs_generate_messages_lisp[0m
[  0%] Built target actionlib_generate_messages_nodejs
[  0%] Built target tf_generate_messages_lisp
[35m[1mScanning dependencies of target tf2_msgs_generate_messages_nodejs[0m
[  0%] Built target actionlib_msgs_generate_messages_nodejs
[  0%] Built target tf2_msgs_generate_messages_lisp
[  0%] Built target tf_generate_messages_py
[35m[1mScanning dependencies of target actionlib_msgs_generate_messages_eus[0m
[35m[1mScanning dependencies of target control_msgs_generate_messages_cpp[0m
[  0%] Built target tf2_msgs_generate_messages_nodejs
[35m[1mScanning dependencies of target dynamic_reconfigure_generate_messages_py[0m
[  0%] Built target control_msgs_generate_messages_cpp
[  0%] Built target dynamic_reconfigure_generate_messages_py
[  0%] Built target actionlib_msgs_generate_messages_eus
[35m[1mScanning dependencies of target rm_referee[0m
[ 10%] [32mBuilding CXX object CMakeFiles/rm_referee.dir/src/main.cpp.o[0m
[ 20%] [32mBuilding CXX object CMakeFiles/rm_referee.dir/src/ui/time_change_ui.cpp.o[0m
[ 30%] [32mBuilding CXX object CMakeFiles/rm_referee.dir/src/referee.cpp.o[0m
[ 40%] [32mBuilding CXX object CMakeFiles/rm_referee.dir/src/referee_base.cpp.o[0m
[ 50%] [32mBuilding CXX object CMakeFiles/rm_referee.dir/src/ui/flash_ui.cpp.o[0m
[ 60%] [32mBuilding CXX object CMakeFiles/rm_referee.dir/src/ui/graph.cpp.o[0m
[ 70%] [32mBuilding CXX object CMakeFiles/rm_referee.dir/src/ui/interactive_data.cpp.o[0m
[ 80%] [32mBuilding CXX object CMakeFiles/rm_referee.dir/src/ui/ui_base.cpp.o[0m
[ 90%] [32mBuilding CXX object CMakeFiles/rm_referee.dir/src/ui/trigger_change_ui.cpp.o[0m
In file included from [01m[K/home/stewie/RosFinal/src/rm_control/rm_referee/include/rm_referee/common/data.h:53[m[K,
                 from [01m[K/home/stewie/RosFinal/src/rm_control/rm_referee/include/rm_referee/ui/graph.h:7[m[K,
                 from [01m[K/home/stewie/RosFinal/src/rm_control/rm_referee/src/ui/graph.cpp:4[m[K:
[01m[K/home/stewie/RosFinal/src/rm_control/rm_referee/include/rm_referee/common/protocol.h:287:1:[m[K [01;36m[Knote: [m[Koffset of packed bit-field ‘[01m[Krm_referee::<unnamed struct>::trapezoidal_elevated_ground_state[m[K’ has changed in GCC 4.4
  287 | [01;36m[K{[m[K
      | [01;36m[K^[m[K
[01m[K/home/stewie/RosFinal/src/rm_control/rm_referee/include/rm_referee/common/protocol.h:287:1:[m[K [01;36m[Knote: [m[Koffset of packed bit-field ‘[01m[Krm_referee::<unnamed struct>::own_fortress_state[m[K’ has changed in GCC 4.4
In file included from [01m[K/home/stewie/RosFinal/src/rm_control/rm_referee/include/rm_referee/common/data.h:53[m[K,
                 from [01m[K/home/stewie/RosFinal/src/rm_control/rm_referee/include/rm_referee/referee.h:42[m[K,
                 from [01m[K/home/stewie/RosFinal/src/rm_control/rm_referee/src/referee.cpp:37[m[K:
[01m[K/home/stewie/RosFinal/src/rm_control/rm_referee/include/rm_referee/common/protocol.h:287:1:[m[K [01;36m[Knote: [m[Koffset of packed bit-field ‘[01m[Krm_referee::<unnamed struct>::trapezoidal_elevated_ground_state[m[K’ has changed in GCC 4.4
  287 | [01;36m[K{[m[K
      | [01;36m[K^[m[K
[01m[K/home/stewie/RosFinal/src/rm_control/rm_referee/include/rm_referee/common/protocol.h:287:1:[m[K [01;36m[Knote: [m[Koffset of packed bit-field ‘[01m[Krm_referee::<unnamed struct>::own_fortress_state[m[K’ has changed in GCC 4.4
In file included from [01m[K/home/stewie/RosFinal/src/rm_control/rm_referee/include/rm_referee/common/data.h:53[m[K,
                 from [01m[K/home/stewie/RosFinal/src/rm_control/rm_referee/include/rm_referee/ui/graph.h:7[m[K,
                 from [01m[K/home/stewie/RosFinal/src/rm_control/rm_referee/include/rm_referee/ui/ui_base.h:15[m[K,
                 from [01m[K/home/stewie/RosFinal/src/rm_control/rm_referee/include/rm_referee/ui/trigger_change_ui.h:6[m[K,
                 from [01m[K/home/stewie/RosFinal/src/rm_control/rm_referee/src/ui/trigger_change_ui.cpp:5[m[K:
[01m[K/home/stewie/RosFinal/src/rm_control/rm_referee/include/rm_referee/common/protocol.h:287:1:[m[K [01;36m[Knote: [m[Koffset of packed bit-field ‘[01m[Krm_referee::<unnamed struct>::trapezoidal_elevated_ground_state[m[K’ has changed in GCC 4.4
  287 | [01;36m[K{[m[K
      | [01;36m[K^[m[K
[01m[K/home/stewie/RosFinal/src/rm_control/rm_referee/include/rm_referee/common/protocol.h:287:1:[m[K [01;36m[Knote: [m[Koffset of packed bit-field ‘[01m[Krm_referee::<unnamed struct>::own_fortress_state[m[K’ has changed in GCC 4.4
In file included from [01m[K/home/stewie/RosFinal/src/rm_control/rm_referee/include/rm_referee/common/data.h:53[m[K,
                 from [01m[K/home/stewie/RosFinal/src/rm_control/rm_referee/include/rm_referee/referee.h:42[m[K,
                 from [01m[K/home/stewie/RosFinal/src/rm_control/rm_referee/src/main.cpp:5[m[K:
[01m[K/home/stewie/RosFinal/src/rm_control/rm_referee/include/rm_referee/common/protocol.h:287:1:[m[K [01;36m[Knote: [m[Koffset of packed bit-field ‘[01m[Krm_referee::<unnamed struct>::trapezoidal_elevated_ground_state[m[K’ has changed in GCC 4.4
  287 | [01;36m[K{[m[K
      | [01;36m[K^[m[K
[01m[K/home/stewie/RosFinal/src/rm_control/rm_referee/include/rm_referee/common/protocol.h:287:1:[m[K [01;36m[Knote: [m[Koffset of packed bit-field ‘[01m[Krm_referee::<unnamed struct>::own_fortress_state[m[K’ has changed in GCC 4.4
In file included from [01m[K/home/stewie/RosFinal/src/rm_control/rm_referee/include/rm_referee/common/data.h:53[m[K,
                 from [01m[K/home/stewie/RosFinal/src/rm_control/rm_referee/include/rm_referee/ui/graph.h:7[m[K,
                 from [01m[K/home/stewie/RosFinal/src/rm_control/rm_referee/include/rm_referee/ui/ui_base.h:15[m[K,
                 from [01m[K/home/stewie/RosFinal/src/rm_control/rm_referee/include/rm_referee/ui/time_change_ui.h:9[m[K,
                 from [01m[K/home/stewie/RosFinal/src/rm_control/rm_referee/src/ui/time_change_ui.cpp:5[m[K:
[01m[K/home/stewie/RosFinal/src/rm_control/rm_referee/include/rm_referee/common/protocol.h:287:1:[m[K [01;36m[Knote: [m[Koffset of packed bit-field ‘[01m[Krm_referee::<unnamed struct>::trapezoidal_elevated_ground_state[m[K’ has changed in GCC 4.4
  287 | [01;36m[K{[m[K
      | [01;36m[K^[m[K
[01m[K/home/stewie/RosFinal/src/rm_control/rm_referee/include/rm_referee/common/protocol.h:287:1:[m[K [01;36m[Knote: [m[Koffset of packed bit-field ‘[01m[Krm_referee::<unnamed struct>::own_fortress_state[m[K’ has changed in GCC 4.4
In file included from [01m[K/home/stewie/RosFinal/src/rm_control/rm_referee/include/rm_referee/common/data.h:53[m[K,
                 from [01m[K/home/stewie/RosFinal/src/rm_control/rm_referee/include/rm_referee/ui/graph.h:7[m[K,
                 from [01m[K/home/stewie/RosFinal/src/rm_control/rm_referee/include/rm_referee/ui/ui_base.h:15[m[K,
                 from [01m[K/home/stewie/RosFinal/src/rm_control/rm_referee/include/rm_referee/referee_base.h:11[m[K,
                 from [01m[K/home/stewie/RosFinal/src/rm_control/rm_referee/src/referee_base.cpp:5[m[K:
[01m[K/home/stewie/RosFinal/src/rm_control/rm_referee/include/rm_referee/common/protocol.h:287:1:[m[K [01;36m[Knote: [m[Koffset of packed bit-field ‘[01m[Krm_referee::<unnamed struct>::trapezoidal_elevated_ground_state[m[K’ has changed in GCC 4.4
  287 | [01;36m[K{[m[K
      | [01;36m[K^[m[K
[01m[K/home/stewie/RosFinal/src/rm_control/rm_referee/include/rm_referee/common/protocol.h:287:1:[m[K [01;36m[Knote: [m[Koffset of packed bit-field ‘[01m[Krm_referee::<unnamed struct>::own_fortress_state[m[K’ has changed in GCC 4.4
In file included from [01m[K/home/stewie/RosFinal/src/rm_control/rm_referee/include/rm_referee/common/data.h:53[m[K,
                 from [01m[K/home/stewie/RosFinal/src/rm_control/rm_referee/include/rm_referee/ui/graph.h:7[m[K,
                 from [01m[K/home/stewie/RosFinal/src/rm_control/rm_referee/include/rm_referee/ui/ui_base.h:15[m[K,
                 from [01m[K/home/stewie/RosFinal/src/rm_control/rm_referee/include/rm_referee/ui/interactive_data.h:7[m[K,
                 from [01m[K/home/stewie/RosFinal/src/rm_control/rm_referee/src/ui/interactive_data.cpp:5[m[K:
[01m[K/home/stewie/RosFinal/src/rm_control/rm_referee/include/rm_referee/common/protocol.h:287:1:[m[K [01;36m[Knote: [m[Koffset of packed bit-field ‘[01m[Krm_referee::<unnamed struct>::trapezoidal_elevated_ground_state[m[K’ has changed in GCC 4.4
  287 | [01;36m[K{[m[K
      | [01;36m[K^[m[K
[01m[K/home/stewie/RosFinal/src/rm_control/rm_referee/include/rm_referee/common/protocol.h:287:1:[m[K [01;36m[Knote: [m[Koffset of packed bit-field ‘[01m[Krm_referee::<unnamed struct>::own_fortress_state[m[K’ has changed in GCC 4.4
In file included from [01m[K/home/stewie/RosFinal/src/rm_control/rm_referee/include/rm_referee/common/data.h:53[m[K,
                 from [01m[K/home/stewie/RosFinal/src/rm_control/rm_referee/include/rm_referee/ui/graph.h:7[m[K,
                 from [01m[K/home/stewie/RosFinal/src/rm_control/rm_referee/include/rm_referee/ui/ui_base.h:15[m[K,
                 from [01m[K/home/stewie/RosFinal/src/rm_control/rm_referee/src/ui/ui_base.cpp:5[m[K:
[01m[K/home/stewie/RosFinal/src/rm_control/rm_referee/include/rm_referee/common/protocol.h:287:1:[m[K [01;36m[Knote: [m[Koffset of packed bit-field ‘[01m[Krm_referee::<unnamed struct>::trapezoidal_elevated_ground_state[m[K’ has changed in GCC 4.4
  287 | [01;36m[K{[m[K
      | [01;36m[K^[m[K
[01m[K/home/stewie/RosFinal/src/rm_control/rm_referee/include/rm_referee/common/protocol.h:287:1:[m[K [01;36m[Knote: [m[Koffset of packed bit-field ‘[01m[Krm_referee::<unnamed struct>::own_fortress_state[m[K’ has changed in GCC 4.4
In file included from [01m[K/home/stewie/RosFinal/src/rm_control/rm_referee/include/rm_referee/common/data.h:53[m[K,
                 from [01m[K/home/stewie/RosFinal/src/rm_control/rm_referee/include/rm_referee/ui/graph.h:7[m[K,
                 from [01m[K/home/stewie/RosFinal/src/rm_control/rm_referee/include/rm_referee/ui/ui_base.h:15[m[K,
                 from [01m[K/home/stewie/RosFinal/src/rm_control/rm_referee/include/rm_referee/ui/flash_ui.h:7[m[K,
                 from [01m[K/home/stewie/RosFinal/src/rm_control/rm_referee/src/ui/flash_ui.cpp:5[m[K:
[01m[K/home/stewie/RosFinal/src/rm_control/rm_referee/include/rm_referee/common/protocol.h:287:1:[m[K [01;36m[Knote: [m[Koffset of packed bit-field ‘[01m[Krm_referee::<unnamed struct>::trapezoidal_elevated_ground_state[m[K’ has changed in GCC 4.4
  287 | [01;36m[K{[m[K
      | [01;36m[K^[m[K
[01m[K/home/stewie/RosFinal/src/rm_control/rm_referee/include/rm_referee/common/protocol.h:287:1:[m[K [01;36m[Knote: [m[Koffset of packed bit-field ‘[01m[Krm_referee::<unnamed struct>::own_fortress_state[m[K’ has changed in GCC 4.4
[100%] [32m[1mLinking CXX executable /home/stewie/RosFinal/devel/.private/rm_referee/lib/rm_referee/rm_referee[0m
[100%] Built target rm_referee
