In file included from [01m[K/home/stewie/RosFinal/src/rm_control/rm_referee/include/rm_referee/common/data.h:53[m[K,
                 from [01m[K/home/stewie/RosFinal/src/rm_control/rm_referee/include/rm_referee/ui/graph.h:7[m[K,
                 from [01m[K/home/stewie/RosFinal/src/rm_control/rm_referee/src/ui/graph.cpp:4[m[K:
[01m[K/home/stewie/RosFinal/src/rm_control/rm_referee/include/rm_referee/common/protocol.h:287:1:[m[K [01;36m[Knote: [m[Koffset of packed bit-field ‘[01m[Krm_referee::<unnamed struct>::trapezoidal_elevated_ground_state[m[K’ has changed in GCC 4.4
  287 | [01;36m[K{[m[K
      | [01;36m[K^[m[K
[01m[K/home/stewie/RosFinal/src/rm_control/rm_referee/include/rm_referee/common/protocol.h:287:1:[m[K [01;36m[Knote: [m[Koffset of packed bit-field ‘[01m[Krm_referee::<unnamed struct>::own_fortress_state[m[K’ has changed in GCC 4.4
In file included from [01m[K/home/stewie/RosFinal/src/rm_control/rm_referee/include/rm_referee/common/data.h:53[m[K,
                 from [01m[K/home/stewie/RosFinal/src/rm_control/rm_referee/include/rm_referee/referee.h:42[m[K,
                 from [01m[K/home/stewie/RosFinal/src/rm_control/rm_referee/src/referee.cpp:37[m[K:
[01m[K/home/stewie/RosFinal/src/rm_control/rm_referee/include/rm_referee/common/protocol.h:287:1:[m[K [01;36m[Knote: [m[Koffset of packed bit-field ‘[01m[Krm_referee::<unnamed struct>::trapezoidal_elevated_ground_state[m[K’ has changed in GCC 4.4
  287 | [01;36m[K{[m[K
      | [01;36m[K^[m[K
[01m[K/home/stewie/RosFinal/src/rm_control/rm_referee/include/rm_referee/common/protocol.h:287:1:[m[K [01;36m[Knote: [m[Koffset of packed bit-field ‘[01m[Krm_referee::<unnamed struct>::own_fortress_state[m[K’ has changed in GCC 4.4
In file included from [01m[K/home/stewie/RosFinal/src/rm_control/rm_referee/include/rm_referee/common/data.h:53[m[K,
                 from [01m[K/home/stewie/RosFinal/src/rm_control/rm_referee/include/rm_referee/ui/graph.h:7[m[K,
                 from [01m[K/home/stewie/RosFinal/src/rm_control/rm_referee/include/rm_referee/ui/ui_base.h:15[m[K,
                 from [01m[K/home/stewie/RosFinal/src/rm_control/rm_referee/include/rm_referee/ui/trigger_change_ui.h:6[m[K,
                 from [01m[K/home/stewie/RosFinal/src/rm_control/rm_referee/src/ui/trigger_change_ui.cpp:5[m[K:
[01m[K/home/stewie/RosFinal/src/rm_control/rm_referee/include/rm_referee/common/protocol.h:287:1:[m[K [01;36m[Knote: [m[Koffset of packed bit-field ‘[01m[Krm_referee::<unnamed struct>::trapezoidal_elevated_ground_state[m[K’ has changed in GCC 4.4
  287 | [01;36m[K{[m[K
      | [01;36m[K^[m[K
[01m[K/home/stewie/RosFinal/src/rm_control/rm_referee/include/rm_referee/common/protocol.h:287:1:[m[K [01;36m[Knote: [m[Koffset of packed bit-field ‘[01m[Krm_referee::<unnamed struct>::own_fortress_state[m[K’ has changed in GCC 4.4
In file included from [01m[K/home/stewie/RosFinal/src/rm_control/rm_referee/include/rm_referee/common/data.h:53[m[K,
                 from [01m[K/home/stewie/RosFinal/src/rm_control/rm_referee/include/rm_referee/referee.h:42[m[K,
                 from [01m[K/home/stewie/RosFinal/src/rm_control/rm_referee/src/main.cpp:5[m[K:
[01m[K/home/stewie/RosFinal/src/rm_control/rm_referee/include/rm_referee/common/protocol.h:287:1:[m[K [01;36m[Knote: [m[Koffset of packed bit-field ‘[01m[Krm_referee::<unnamed struct>::trapezoidal_elevated_ground_state[m[K’ has changed in GCC 4.4
  287 | [01;36m[K{[m[K
      | [01;36m[K^[m[K
[01m[K/home/stewie/RosFinal/src/rm_control/rm_referee/include/rm_referee/common/protocol.h:287:1:[m[K [01;36m[Knote: [m[Koffset of packed bit-field ‘[01m[Krm_referee::<unnamed struct>::own_fortress_state[m[K’ has changed in GCC 4.4
In file included from [01m[K/home/stewie/RosFinal/src/rm_control/rm_referee/include/rm_referee/common/data.h:53[m[K,
                 from [01m[K/home/stewie/RosFinal/src/rm_control/rm_referee/include/rm_referee/ui/graph.h:7[m[K,
                 from [01m[K/home/stewie/RosFinal/src/rm_control/rm_referee/include/rm_referee/ui/ui_base.h:15[m[K,
                 from [01m[K/home/stewie/RosFinal/src/rm_control/rm_referee/include/rm_referee/ui/time_change_ui.h:9[m[K,
                 from [01m[K/home/stewie/RosFinal/src/rm_control/rm_referee/src/ui/time_change_ui.cpp:5[m[K:
[01m[K/home/stewie/RosFinal/src/rm_control/rm_referee/include/rm_referee/common/protocol.h:287:1:[m[K [01;36m[Knote: [m[Koffset of packed bit-field ‘[01m[Krm_referee::<unnamed struct>::trapezoidal_elevated_ground_state[m[K’ has changed in GCC 4.4
  287 | [01;36m[K{[m[K
      | [01;36m[K^[m[K
[01m[K/home/stewie/RosFinal/src/rm_control/rm_referee/include/rm_referee/common/protocol.h:287:1:[m[K [01;36m[Knote: [m[Koffset of packed bit-field ‘[01m[Krm_referee::<unnamed struct>::own_fortress_state[m[K’ has changed in GCC 4.4
In file included from [01m[K/home/stewie/RosFinal/src/rm_control/rm_referee/include/rm_referee/common/data.h:53[m[K,
                 from [01m[K/home/stewie/RosFinal/src/rm_control/rm_referee/include/rm_referee/ui/graph.h:7[m[K,
                 from [01m[K/home/stewie/RosFinal/src/rm_control/rm_referee/include/rm_referee/ui/ui_base.h:15[m[K,
                 from [01m[K/home/stewie/RosFinal/src/rm_control/rm_referee/include/rm_referee/referee_base.h:11[m[K,
                 from [01m[K/home/stewie/RosFinal/src/rm_control/rm_referee/src/referee_base.cpp:5[m[K:
[01m[K/home/stewie/RosFinal/src/rm_control/rm_referee/include/rm_referee/common/protocol.h:287:1:[m[K [01;36m[Knote: [m[Koffset of packed bit-field ‘[01m[Krm_referee::<unnamed struct>::trapezoidal_elevated_ground_state[m[K’ has changed in GCC 4.4
  287 | [01;36m[K{[m[K
      | [01;36m[K^[m[K
[01m[K/home/stewie/RosFinal/src/rm_control/rm_referee/include/rm_referee/common/protocol.h:287:1:[m[K [01;36m[Knote: [m[Koffset of packed bit-field ‘[01m[Krm_referee::<unnamed struct>::own_fortress_state[m[K’ has changed in GCC 4.4
In file included from [01m[K/home/stewie/RosFinal/src/rm_control/rm_referee/include/rm_referee/common/data.h:53[m[K,
                 from [01m[K/home/stewie/RosFinal/src/rm_control/rm_referee/include/rm_referee/ui/graph.h:7[m[K,
                 from [01m[K/home/stewie/RosFinal/src/rm_control/rm_referee/include/rm_referee/ui/ui_base.h:15[m[K,
                 from [01m[K/home/stewie/RosFinal/src/rm_control/rm_referee/include/rm_referee/ui/interactive_data.h:7[m[K,
                 from [01m[K/home/stewie/RosFinal/src/rm_control/rm_referee/src/ui/interactive_data.cpp:5[m[K:
[01m[K/home/stewie/RosFinal/src/rm_control/rm_referee/include/rm_referee/common/protocol.h:287:1:[m[K [01;36m[Knote: [m[Koffset of packed bit-field ‘[01m[Krm_referee::<unnamed struct>::trapezoidal_elevated_ground_state[m[K’ has changed in GCC 4.4
  287 | [01;36m[K{[m[K
      | [01;36m[K^[m[K
[01m[K/home/stewie/RosFinal/src/rm_control/rm_referee/include/rm_referee/common/protocol.h:287:1:[m[K [01;36m[Knote: [m[Koffset of packed bit-field ‘[01m[Krm_referee::<unnamed struct>::own_fortress_state[m[K’ has changed in GCC 4.4
In file included from [01m[K/home/stewie/RosFinal/src/rm_control/rm_referee/include/rm_referee/common/data.h:53[m[K,
                 from [01m[K/home/stewie/RosFinal/src/rm_control/rm_referee/include/rm_referee/ui/graph.h:7[m[K,
                 from [01m[K/home/stewie/RosFinal/src/rm_control/rm_referee/include/rm_referee/ui/ui_base.h:15[m[K,
                 from [01m[K/home/stewie/RosFinal/src/rm_control/rm_referee/src/ui/ui_base.cpp:5[m[K:
[01m[K/home/stewie/RosFinal/src/rm_control/rm_referee/include/rm_referee/common/protocol.h:287:1:[m[K [01;36m[Knote: [m[Koffset of packed bit-field ‘[01m[Krm_referee::<unnamed struct>::trapezoidal_elevated_ground_state[m[K’ has changed in GCC 4.4
  287 | [01;36m[K{[m[K
      | [01;36m[K^[m[K
[01m[K/home/stewie/RosFinal/src/rm_control/rm_referee/include/rm_referee/common/protocol.h:287:1:[m[K [01;36m[Knote: [m[Koffset of packed bit-field ‘[01m[Krm_referee::<unnamed struct>::own_fortress_state[m[K’ has changed in GCC 4.4
In file included from [01m[K/home/stewie/RosFinal/src/rm_control/rm_referee/include/rm_referee/common/data.h:53[m[K,
                 from [01m[K/home/stewie/RosFinal/src/rm_control/rm_referee/include/rm_referee/ui/graph.h:7[m[K,
                 from [01m[K/home/stewie/RosFinal/src/rm_control/rm_referee/include/rm_referee/ui/ui_base.h:15[m[K,
                 from [01m[K/home/stewie/RosFinal/src/rm_control/rm_referee/include/rm_referee/ui/flash_ui.h:7[m[K,
                 from [01m[K/home/stewie/RosFinal/src/rm_control/rm_referee/src/ui/flash_ui.cpp:5[m[K:
[01m[K/home/stewie/RosFinal/src/rm_control/rm_referee/include/rm_referee/common/protocol.h:287:1:[m[K [01;36m[Knote: [m[Koffset of packed bit-field ‘[01m[Krm_referee::<unnamed struct>::trapezoidal_elevated_ground_state[m[K’ has changed in GCC 4.4
  287 | [01;36m[K{[m[K
      | [01;36m[K^[m[K
[01m[K/home/stewie/RosFinal/src/rm_control/rm_referee/include/rm_referee/common/protocol.h:287:1:[m[K [01;36m[Knote: [m[Koffset of packed bit-field ‘[01m[Krm_referee::<unnamed struct>::own_fortress_state[m[K’ has changed in GCC 4.4
