Symlinking /home/stewie/Final/devel/./setup.bash
Symlinking /home/stewie/Final/devel/./local_setup.sh
Symlinking /home/stewie/Final/devel/./setup.zsh
Symlinking /home/stewie/Final/devel/./local_setup.zsh
Symlinking /home/stewie/Final/devel/./setup.sh
Symlinking /home/stewie/Final/devel/./_setup_util.py
Symlinking /home/stewie/Final/devel/./local_setup.fish
Symlinking /home/stewie/Final/devel/./env.sh
Symlinking /home/stewie/Final/devel/./local_setup.bash
Symlinking /home/stewie/Final/devel/./setup.fish
Symlinking /home/stewie/Final/devel/share/catkin_tools_prebuild/cmake/catkin_tools_prebuildConfig-version.cmake
Symlinking /home/stewie/Final/devel/share/catkin_tools_prebuild/cmake/catkin_tools_prebuildConfig.cmake
Symlinking /home/stewie/Final/devel/lib/pkgconfig/catkin_tools_prebuild.pc
Cleaning: (/home/stewie/RosFinal/devel/.private/catkin_tools_prebuild/setup.bash, /home/stewie/RosFinal/devel/./setup.bash)
Cleaning: (/home/stewie/RosFinal/devel/.private/catkin_tools_prebuild/local_setup.sh, /home/stewie/RosFinal/devel/./local_setup.sh)
Cleaning: (/home/stewie/RosFinal/devel/.private/catkin_tools_prebuild/setup.zsh, /home/stewie/RosFinal/devel/./setup.zsh)
Cleaning: (/home/stewie/RosFinal/devel/.private/catkin_tools_prebuild/local_setup.zsh, /home/stewie/RosFinal/devel/./local_setup.zsh)
Cleaning: (/home/stewie/RosFinal/devel/.private/catkin_tools_prebuild/setup.sh, /home/stewie/RosFinal/devel/./setup.sh)
Cleaning: (/home/stewie/RosFinal/devel/.private/catkin_tools_prebuild/_setup_util.py, /home/stewie/RosFinal/devel/./_setup_util.py)
Cleaning: (/home/stewie/RosFinal/devel/.private/catkin_tools_prebuild/local_setup.fish, /home/stewie/RosFinal/devel/./local_setup.fish)
Cleaning: (/home/stewie/RosFinal/devel/.private/catkin_tools_prebuild/env.sh, /home/stewie/RosFinal/devel/./env.sh)
Cleaning: (/home/stewie/RosFinal/devel/.private/catkin_tools_prebuild/local_setup.bash, /home/stewie/RosFinal/devel/./local_setup.bash)
Cleaning: (/home/stewie/RosFinal/devel/.private/catkin_tools_prebuild/setup.fish, /home/stewie/RosFinal/devel/./setup.fish)
Cleaning: (/home/stewie/RosFinal/devel/.private/catkin_tools_prebuild/share/catkin_tools_prebuild/cmake/catkin_tools_prebuildConfig-version.cmake, /home/stewie/RosFinal/devel/share/catkin_tools_prebuild/cmake/catkin_tools_prebuildConfig-version.cmake)
Cleaning: (/home/stewie/RosFinal/devel/.private/catkin_tools_prebuild/share/catkin_tools_prebuild/cmake/catkin_tools_prebuildConfig.cmake, /home/stewie/RosFinal/devel/share/catkin_tools_prebuild/cmake/catkin_tools_prebuildConfig.cmake)
Cleaning: (/home/stewie/RosFinal/devel/.private/catkin_tools_prebuild/lib/pkgconfig/catkin_tools_prebuild.pc, /home/stewie/RosFinal/devel/lib/pkgconfig/catkin_tools_prebuild.pc)
Unlinking: /home/stewie/RosFinal/devel/./setup.bash
Unlinking: /home/stewie/RosFinal/devel/./local_setup.sh
Unlinking: /home/stewie/RosFinal/devel/./setup.zsh
Unlinking: /home/stewie/RosFinal/devel/./local_setup.zsh
Unlinking: /home/stewie/RosFinal/devel/./setup.sh
Unlinking: /home/stewie/RosFinal/devel/./_setup_util.py
Unlinking: /home/stewie/RosFinal/devel/./local_setup.fish
Unlinking: /home/stewie/RosFinal/devel/./env.sh
Unlinking: /home/stewie/RosFinal/devel/./local_setup.bash
Unlinking: /home/stewie/RosFinal/devel/./setup.fish
Unlinking: /home/stewie/RosFinal/devel/share/catkin_tools_prebuild/cmake/catkin_tools_prebuildConfig-version.cmake
Already unlinked: {}
Unlinking: /home/stewie/RosFinal/devel/share/catkin_tools_prebuild/cmake/catkin_tools_prebuildConfig.cmake
Already unlinked: {}
Unlinking: /home/stewie/RosFinal/devel/lib/pkgconfig/catkin_tools_prebuild.pc
Already unlinked: {}
