Symlinking /home/stewie/Final/devel/include/sentry_chassis_controller/ChassisState.h
Symlinking /home/stewie/Final/devel/share/roseus/ros/sentry_chassis_controller/manifest.l
Symlinking /home/stewie/Final/devel/share/roseus/ros/sentry_chassis_controller/msg/ChassisState.l
Symlinking /home/stewie/Final/devel/share/gennodejs/ros/sentry_chassis_controller/_index.js
Symlinking /home/stewie/Final/devel/share/gennodejs/ros/sentry_chassis_controller/msg/_index.js
Symlinking /home/stewie/Final/devel/share/gennodejs/ros/sentry_chassis_controller/msg/ChassisState.js
Symlinking /home/stewie/Final/devel/share/sentry_chassis_controller/cmake/sentry_chassis_controllerConfig.cmake
Symlinking /home/stewie/Final/devel/share/sentry_chassis_controller/cmake/sentry_chassis_controller-msg-extras.cmake
Symlinking /home/stewie/Final/devel/share/sentry_chassis_controller/cmake/sentry_chassis_controllerConfig-version.cmake
Symlinking /home/stewie/Final/devel/share/sentry_chassis_controller/cmake/sentry_chassis_controller-msg-paths.cmake
Symlinking /home/stewie/Final/devel/share/common-lisp/ros/sentry_chassis_controller/msg/_package_ChassisState.lisp
Symlinking /home/stewie/Final/devel/share/common-lisp/ros/sentry_chassis_controller/msg/_package.lisp
Symlinking /home/stewie/Final/devel/share/common-lisp/ros/sentry_chassis_controller/msg/ChassisState.lisp
Symlinking /home/stewie/Final/devel/share/common-lisp/ros/sentry_chassis_controller/msg/sentry_chassis_controller-msg.asd
Symlinking /home/stewie/Final/devel/lib/libsentry_chassis_controller.so
Symlinking /home/stewie/Final/devel/lib/python3/dist-packages/sentry_chassis_controller/__init__.py
Symlinking /home/stewie/Final/devel/lib/python3/dist-packages/sentry_chassis_controller/msg/_ChassisState.py
Symlinking /home/stewie/Final/devel/lib/python3/dist-packages/sentry_chassis_controller/msg/__init__.py
Symlinking /home/stewie/Final/devel/lib/pkgconfig/sentry_chassis_controller.pc
Cleaning: (/home/stewie/RosFinal/devel/.private/sentry_chassis_controller/include/sentry_chassis_controller/ChassisState.h, /home/stewie/RosFinal/devel/include/sentry_chassis_controller/ChassisState.h)
Cleaning: (/home/stewie/RosFinal/devel/.private/sentry_chassis_controller/share/roseus/ros/sentry_chassis_controller/manifest.l, /home/stewie/RosFinal/devel/share/roseus/ros/sentry_chassis_controller/manifest.l)
Cleaning: (/home/stewie/RosFinal/devel/.private/sentry_chassis_controller/share/roseus/ros/sentry_chassis_controller/msg/ChassisState.l, /home/stewie/RosFinal/devel/share/roseus/ros/sentry_chassis_controller/msg/ChassisState.l)
Cleaning: (/home/stewie/RosFinal/devel/.private/sentry_chassis_controller/share/gennodejs/ros/sentry_chassis_controller/_index.js, /home/stewie/RosFinal/devel/share/gennodejs/ros/sentry_chassis_controller/_index.js)
Cleaning: (/home/stewie/RosFinal/devel/.private/sentry_chassis_controller/share/gennodejs/ros/sentry_chassis_controller/msg/_index.js, /home/stewie/RosFinal/devel/share/gennodejs/ros/sentry_chassis_controller/msg/_index.js)
Cleaning: (/home/stewie/RosFinal/devel/.private/sentry_chassis_controller/share/gennodejs/ros/sentry_chassis_controller/msg/ChassisState.js, /home/stewie/RosFinal/devel/share/gennodejs/ros/sentry_chassis_controller/msg/ChassisState.js)
Cleaning: (/home/stewie/RosFinal/devel/.private/sentry_chassis_controller/share/sentry_chassis_controller/cmake/sentry_chassis_controllerConfig.cmake, /home/stewie/RosFinal/devel/share/sentry_chassis_controller/cmake/sentry_chassis_controllerConfig.cmake)
Cleaning: (/home/stewie/RosFinal/devel/.private/sentry_chassis_controller/share/sentry_chassis_controller/cmake/sentry_chassis_controller-msg-extras.cmake, /home/stewie/RosFinal/devel/share/sentry_chassis_controller/cmake/sentry_chassis_controller-msg-extras.cmake)
Cleaning: (/home/stewie/RosFinal/devel/.private/sentry_chassis_controller/share/sentry_chassis_controller/cmake/sentry_chassis_controllerConfig-version.cmake, /home/stewie/RosFinal/devel/share/sentry_chassis_controller/cmake/sentry_chassis_controllerConfig-version.cmake)
Cleaning: (/home/stewie/RosFinal/devel/.private/sentry_chassis_controller/share/sentry_chassis_controller/cmake/sentry_chassis_controller-msg-paths.cmake, /home/stewie/RosFinal/devel/share/sentry_chassis_controller/cmake/sentry_chassis_controller-msg-paths.cmake)
Cleaning: (/home/stewie/RosFinal/devel/.private/sentry_chassis_controller/share/common-lisp/ros/sentry_chassis_controller/msg/_package_ChassisState.lisp, /home/stewie/RosFinal/devel/share/common-lisp/ros/sentry_chassis_controller/msg/_package_ChassisState.lisp)
Cleaning: (/home/stewie/RosFinal/devel/.private/sentry_chassis_controller/share/common-lisp/ros/sentry_chassis_controller/msg/_package.lisp, /home/stewie/RosFinal/devel/share/common-lisp/ros/sentry_chassis_controller/msg/_package.lisp)
Cleaning: (/home/stewie/RosFinal/devel/.private/sentry_chassis_controller/share/common-lisp/ros/sentry_chassis_controller/msg/ChassisState.lisp, /home/stewie/RosFinal/devel/share/common-lisp/ros/sentry_chassis_controller/msg/ChassisState.lisp)
Cleaning: (/home/stewie/RosFinal/devel/.private/sentry_chassis_controller/share/common-lisp/ros/sentry_chassis_controller/msg/sentry_chassis_controller-msg.asd, /home/stewie/RosFinal/devel/share/common-lisp/ros/sentry_chassis_controller/msg/sentry_chassis_controller-msg.asd)
Cleaning: (/home/stewie/RosFinal/devel/.private/sentry_chassis_controller/lib/libsentry_chassis_controller.so, /home/stewie/RosFinal/devel/lib/libsentry_chassis_controller.so)
Cleaning: (/home/stewie/RosFinal/devel/.private/sentry_chassis_controller/lib/python3/dist-packages/sentry_chassis_controller/__init__.py, /home/stewie/RosFinal/devel/lib/python3/dist-packages/sentry_chassis_controller/__init__.py)
Cleaning: (/home/stewie/RosFinal/devel/.private/sentry_chassis_controller/lib/python3/dist-packages/sentry_chassis_controller/msg/_ChassisState.py, /home/stewie/RosFinal/devel/lib/python3/dist-packages/sentry_chassis_controller/msg/_ChassisState.py)
Cleaning: (/home/stewie/RosFinal/devel/.private/sentry_chassis_controller/lib/python3/dist-packages/sentry_chassis_controller/msg/__init__.py, /home/stewie/RosFinal/devel/lib/python3/dist-packages/sentry_chassis_controller/msg/__init__.py)
Cleaning: (/home/stewie/RosFinal/devel/.private/sentry_chassis_controller/lib/pkgconfig/sentry_chassis_controller.pc, /home/stewie/RosFinal/devel/lib/pkgconfig/sentry_chassis_controller.pc)
Unlinking: /home/stewie/RosFinal/devel/include/sentry_chassis_controller/ChassisState.h
Unlinking: /home/stewie/RosFinal/devel/share/roseus/ros/sentry_chassis_controller/manifest.l
Unlinking: /home/stewie/RosFinal/devel/share/roseus/ros/sentry_chassis_controller/msg/ChassisState.l
Unlinking: /home/stewie/RosFinal/devel/share/gennodejs/ros/sentry_chassis_controller/_index.js
Unlinking: /home/stewie/RosFinal/devel/share/gennodejs/ros/sentry_chassis_controller/msg/_index.js
Unlinking: /home/stewie/RosFinal/devel/share/gennodejs/ros/sentry_chassis_controller/msg/ChassisState.js
Unlinking: /home/stewie/RosFinal/devel/share/sentry_chassis_controller/cmake/sentry_chassis_controllerConfig.cmake
Unlinking: /home/stewie/RosFinal/devel/share/sentry_chassis_controller/cmake/sentry_chassis_controller-msg-extras.cmake
Unlinking: /home/stewie/RosFinal/devel/share/sentry_chassis_controller/cmake/sentry_chassis_controllerConfig-version.cmake
Unlinking: /home/stewie/RosFinal/devel/share/sentry_chassis_controller/cmake/sentry_chassis_controller-msg-paths.cmake
Unlinking: /home/stewie/RosFinal/devel/share/common-lisp/ros/sentry_chassis_controller/msg/_package_ChassisState.lisp
Unlinking: /home/stewie/RosFinal/devel/share/common-lisp/ros/sentry_chassis_controller/msg/_package.lisp
Unlinking: /home/stewie/RosFinal/devel/share/common-lisp/ros/sentry_chassis_controller/msg/ChassisState.lisp
Unlinking: /home/stewie/RosFinal/devel/share/common-lisp/ros/sentry_chassis_controller/msg/sentry_chassis_controller-msg.asd
Unlinking: /home/stewie/RosFinal/devel/lib/libsentry_chassis_controller.so
Unlinking: /home/stewie/RosFinal/devel/lib/python3/dist-packages/sentry_chassis_controller/__init__.py
Unlinking: /home/stewie/RosFinal/devel/lib/python3/dist-packages/sentry_chassis_controller/msg/_ChassisState.py
Unlinking: /home/stewie/RosFinal/devel/lib/python3/dist-packages/sentry_chassis_controller/msg/__init__.py
Unlinking: /home/stewie/RosFinal/devel/lib/pkgconfig/sentry_chassis_controller.pc
