[  0%] Built target std_msgs_generate_messages_lisp
[  0%] Built target std_msgs_generate_messages_py
[  0%] Built target std_msgs_generate_messages_eus
[  0%] Built target tf2_msgs_generate_messages_lisp
[  0%] Built target std_msgs_generate_messages_cpp
[  0%] Built target tf2_msgs_generate_messages_nodejs
[  0%] Built target trajectory_msgs_generate_messages_py
[  0%] Built target actionlib_generate_messages_py
[  0%] Built target actionlib_generate_messages_nodejs
[  0%] Built target nav_msgs_generate_messages_lisp
[  0%] Built target dynamic_reconfigure_gencfg
[  0%] Built target actionlib_generate_messages_cpp
[  0%] Built target tf_generate_messages_nodejs
[  0%] Built target tf2_msgs_generate_messages_eus
[  0%] Built target sensor_msgs_generate_messages_nodejs
[  0%] Built target tf2_msgs_generate_messages_py
[  0%] Built target control_toolbox_generate_messages_eus
[  0%] Built target sensor_msgs_generate_messages_py
[  0%] Built target dynamic_reconfigure_generate_messages_nodejs
[  0%] Built target tf2_msgs_generate_messages_cpp
[  0%] Built target dynamic_reconfigure_generate_messages_lisp
[  0%] Built target actionlib_generate_messages_lisp
[  0%] Built target roscpp_generate_messages_cpp
[  0%] Built target rosgraph_msgs_generate_messages_lisp
[  0%] Built target std_msgs_generate_messages_nodejs
[  0%] Built target geometry_msgs_generate_messages_eus
[  0%] Built target control_toolbox_gencfg
[  0%] Built target sensor_msgs_generate_messages_cpp
[  0%] Built target rosgraph_msgs_generate_messages_py
[  0%] Built target nav_msgs_generate_messages_nodejs
[  0%] Built target sensor_msgs_generate_messages_lisp
[  0%] Built target sensor_msgs_generate_messages_eus
[  0%] Built target rosgraph_msgs_generate_messages_nodejs
[  0%] Built target nav_msgs_generate_messages_cpp
[  0%] Built target tf_generate_messages_eus
[  0%] Built target roscpp_generate_messages_eus
[  0%] Built target dynamic_reconfigure_generate_messages_cpp
[  0%] Built target roscpp_generate_messages_nodejs
[  0%] Built target control_msgs_generate_messages_lisp
[  0%] Built target control_toolbox_generate_messages_nodejs
[  0%] Built target actionlib_msgs_generate_messages_py
[  0%] Built target control_toolbox_generate_messages_lisp
[  0%] Built target control_msgs_generate_messages_cpp
[  0%] Built target control_toolbox_generate_messages_cpp
[  0%] Built target roscpp_generate_messages_lisp
[  0%] Built target _sentry_chassis_controller_generate_messages_check_deps_ChassisState
[  0%] Built target trajectory_msgs_generate_messages_eus
[  0%] Built target rosgraph_msgs_generate_messages_eus
[  0%] Built target roscpp_generate_messages_py
[  0%] Built target dynamic_reconfigure_generate_messages_py
[  0%] Built target control_msgs_generate_messages_nodejs
[  0%] Built target geometry_msgs_generate_messages_cpp
[  0%] Built target control_msgs_generate_messages_py
[  0%] Built target actionlib_msgs_generate_messages_eus
[  0%] Built target actionlib_msgs_generate_messages_cpp
[  0%] Built target control_msgs_generate_messages_eus
[  0%] Built target nav_msgs_generate_messages_eus
[  8%] Built target sentry_chassis_controller_gencfg
[  8%] Built target tf_generate_messages_py
[  8%] Built target actionlib_msgs_generate_messages_nodejs
[  8%] Built target trajectory_msgs_generate_messages_cpp
[  8%] Built target geometry_msgs_generate_messages_lisp
[  8%] Built target actionlib_generate_messages_eus
[  8%] Built target trajectory_msgs_generate_messages_nodejs
[  8%] Built target tf_generate_messages_cpp
[  8%] Built target geometry_msgs_generate_messages_py
[  8%] Built target dynamic_reconfigure_generate_messages_eus
[  8%] Built target control_toolbox_generate_messages_py
[  8%] Built target actionlib_msgs_generate_messages_lisp
[  8%] Built target tf_generate_messages_lisp
[ 16%] Built target sentry_chassis_controller_generate_messages_lisp
[ 16%] Built target geometry_msgs_generate_messages_nodejs
[ 16%] Built target nav_msgs_generate_messages_py
[ 16%] Built target rosgraph_msgs_generate_messages_cpp
[ 33%] Built target sentry_chassis_controller_generate_messages_eus
[ 50%] Built target sentry_chassis_controller_generate_messages_py
[ 58%] Built target sentry_chassis_controller_generate_messages_nodejs
[ 66%] Built target sentry_chassis_controller_generate_messages_cpp
[ 66%] Built target trajectory_msgs_generate_messages_lisp
[ 66%] Built target sentry_chassis_controller_generate_messages
[ 83%] Built target teleop_keyboard
[100%] Built target sentry_chassis_controller
