[  0%] Built target std_msgs_generate_messages_cpp
[  0%] Built target trajectory_msgs_generate_messages_py
[  0%] Built target std_msgs_generate_messages_eus
[  0%] Built target tf2_msgs_generate_messages_lisp
[  0%] Built target std_msgs_generate_messages_py
[  0%] Built target std_msgs_generate_messages_lisp
[  0%] Built target tf2_msgs_generate_messages_nodejs
[  0%] Built target sensor_msgs_generate_messages_py
[  0%] Built target actionlib_generate_messages_py
[  0%] Built target actionlib_generate_messages_nodejs
[  0%] Built target tf2_msgs_generate_messages_eus
[  0%] Built target actionlib_generate_messages_cpp
[  0%] Built target tf_generate_messages_nodejs
[  0%] Built target sensor_msgs_generate_messages_nodejs
[  0%] Built target dynamic_reconfigure_gencfg
[  0%] Built target dynamic_reconfigure_generate_messages_lisp
[  0%] Built target rosgraph_msgs_generate_messages_nodejs
[  0%] Built target geometry_msgs_generate_messages_eus
[  0%] Built target nav_msgs_generate_messages_lisp
[  0%] Built target control_toolbox_generate_messages_eus
[  0%] Built target actionlib_generate_messages_lisp
[  0%] Built target tf2_msgs_generate_messages_py
[  0%] Built target tf2_msgs_generate_messages_cpp
[  0%] Built target actionlib_msgs_generate_messages_py
[  0%] Built target std_msgs_generate_messages_nodejs
[  0%] Built target tf_generate_messages_eus
[  0%] Built target dynamic_reconfigure_generate_messages_nodejs
[  0%] Built target roscpp_generate_messages_cpp
[  0%] Built target control_toolbox_gencfg
[  0%] Built target roscpp_generate_messages_nodejs
[  0%] Built target sensor_msgs_generate_messages_cpp
[  0%] Built target nav_msgs_generate_messages_nodejs
[  0%] Built target rosgraph_msgs_generate_messages_py
[  0%] Built target rosgraph_msgs_generate_messages_eus
[  0%] Built target sensor_msgs_generate_messages_eus
[  0%] Built target _sentry_chassis_controller_generate_messages_check_deps_ChassisState
[  0%] Built target roscpp_generate_messages_eus
[  0%] Built target dynamic_reconfigure_generate_messages_cpp
[  0%] Built target sensor_msgs_generate_messages_lisp
[  0%] Built target dynamic_reconfigure_generate_messages_py
[  0%] Built target actionlib_msgs_generate_messages_eus
[  0%] Built target control_toolbox_generate_messages_cpp
[  0%] Built target control_toolbox_generate_messages_lisp
[  0%] Built target control_msgs_generate_messages_py
[  0%] Built target geometry_msgs_generate_messages_cpp
[  0%] Built target rosgraph_msgs_generate_messages_lisp
[  0%] Built target control_msgs_generate_messages_lisp
[  0%] Built target control_msgs_generate_messages_cpp
[  0%] Built target nav_msgs_generate_messages_cpp
[  0%] Built target roscpp_generate_messages_lisp
[  0%] Built target actionlib_msgs_generate_messages_cpp
[  0%] Built target roscpp_generate_messages_py
[  0%] Built target trajectory_msgs_generate_messages_eus
[  0%] Built target trajectory_msgs_generate_messages_nodejs
[  0%] Built target control_msgs_generate_messages_nodejs
[  0%] Built target tf_generate_messages_py
[  0%] Built target actionlib_msgs_generate_messages_lisp
[  0%] Built target nav_msgs_generate_messages_eus
[  0%] Built target actionlib_msgs_generate_messages_nodejs
[35m[1mScanning dependencies of target sentry_chassis_controller[0m
[  0%] Built target control_toolbox_generate_messages_nodejs
[  0%] Built target geometry_msgs_generate_messages_lisp
[  0%] Built target tf_generate_messages_cpp
[  0%] Built target control_toolbox_generate_messages_py
[  0%] Built target tf_generate_messages_lisp
[  0%] Built target control_msgs_generate_messages_eus
[  0%] Built target geometry_msgs_generate_messages_nodejs
[  9%] [34m[1mGenerating Lisp code from sentry_chassis_controller/ChassisState.msg[0m
[ 18%] [34m[1mGenerating EusLisp code from sentry_chassis_controller/ChassisState.msg[0m
[ 18%] Built target geometry_msgs_generate_messages_py
[ 18%] Built target dynamic_reconfigure_generate_messages_eus
[ 18%] Built target trajectory_msgs_generate_messages_cpp
[ 18%] Built target actionlib_generate_messages_eus
[ 18%] Built target trajectory_msgs_generate_messages_lisp
[ 27%] [34m[1mGenerating Python from MSG sentry_chassis_controller/ChassisState[0m
[ 36%] [34m[1mGenerating Javascript code from sentry_chassis_controller/ChassisState.msg[0m
[ 45%] [34m[1mGenerating C++ code from sentry_chassis_controller/ChassisState.msg[0m
[ 45%] Built target nav_msgs_generate_messages_py
[ 45%] Built target rosgraph_msgs_generate_messages_cpp
[ 54%] [32mBuilding CXX object CMakeFiles/sentry_chassis_controller.dir/src/sentry_chassis_controller.cpp.o[0m
[ 54%] Built target sentry_chassis_controller_generate_messages_lisp
[ 54%] Built target sentry_chassis_controller_generate_messages_nodejs
[ 63%] Built target sentry_chassis_controller_generate_messages_eus
[ 63%] Built target sentry_chassis_controller_generate_messages_cpp
[ 72%] [34m[1mGenerating Python msg __init__.py for sentry_chassis_controller[0m
[ 72%] Built target sentry_chassis_controller_generate_messages_py
[35m[1mScanning dependencies of target teleop_keyboard[0m
[ 72%] Built target sentry_chassis_controller_generate_messages
[ 81%] [32mBuilding CXX object CMakeFiles/teleop_keyboard.dir/src/teleop_keyboard.cpp.o[0m
[ 90%] [32m[1mLinking CXX executable /home/stewie/Final/devel/.private/sentry_chassis_controller/lib/sentry_chassis_controller/teleop_keyboard[0m
[ 90%] Built target teleop_keyboard
[100%] [32m[1mLinking CXX shared library /home/stewie/Final/devel/.private/sentry_chassis_controller/lib/libsentry_chassis_controller.so[0m
[100%] Built target sentry_chassis_controller
