[  0%] Built target trajectory_msgs_generate_messages_py
[  0%] Built target std_msgs_generate_messages_lisp
[  0%] Built target std_msgs_generate_messages_cpp
[  0%] Built target std_msgs_generate_messages_eus
[  0%] Built target tf2_msgs_generate_messages_nodejs
[  0%] Built target actionlib_generate_messages_nodejs
[  0%] Built target actionlib_generate_messages_cpp
[  0%] Built target std_msgs_generate_messages_py
[  0%] Built target tf2_msgs_generate_messages_lisp
[  0%] Built target actionlib_generate_messages_py
[  0%] Built target sensor_msgs_generate_messages_nodejs
[  0%] Built target tf2_msgs_generate_messages_eus
[  0%] Built target sensor_msgs_generate_messages_py
[  0%] Built target geometry_msgs_generate_messages_eus
[  0%] Built target dynamic_reconfigure_generate_messages_nodejs
[  0%] Built target tf_generate_messages_nodejs
[  0%] Built target control_toolbox_generate_messages_eus
[  0%] Built target roscpp_generate_messages_cpp
[  0%] Built target tf2_msgs_generate_messages_py
[  0%] Built target dynamic_reconfigure_gencfg
[  0%] Built target tf2_msgs_generate_messages_cpp
[  0%] Built target nav_msgs_generate_messages_lisp
[  0%] Built target std_msgs_generate_messages_nodejs
[  0%] Built target dynamic_reconfigure_generate_messages_lisp
[  0%] Built target control_toolbox_gencfg
[  0%] Built target actionlib_generate_messages_lisp
[  0%] Built target roscpp_generate_messages_nodejs
[  0%] Built target rosgraph_msgs_generate_messages_nodejs
[  0%] Built target tf_generate_messages_eus
[  0%] Built target rosgraph_msgs_generate_messages_py
[  0%] Built target rosgraph_msgs_generate_messages_eus
[  0%] Built target roscpp_generate_messages_eus
[  0%] Built target dynamic_reconfigure_generate_messages_cpp
[  0%] Built target actionlib_msgs_generate_messages_py
[  0%] Built target nav_msgs_generate_messages_nodejs
[  0%] Built target _sentry_chassis_controller_generate_messages_check_deps_ChassisState
[  0%] Built target rosgraph_msgs_generate_messages_lisp
[  0%] Built target sensor_msgs_generate_messages_lisp
[  0%] Built target control_toolbox_generate_messages_lisp
[  0%] Built target sensor_msgs_generate_messages_cpp
[  0%] Built target sensor_msgs_generate_messages_eus
[  0%] Built target nav_msgs_generate_messages_cpp
[  0%] Built target control_msgs_generate_messages_lisp
[  0%] Built target control_toolbox_generate_messages_nodejs
[  0%] Built target control_msgs_generate_messages_cpp
[  0%] Built target roscpp_generate_messages_lisp
[  0%] Built target control_toolbox_generate_messages_cpp
[  0%] Built target trajectory_msgs_generate_messages_nodejs
[  0%] Built target roscpp_generate_messages_py
[  0%] Built target trajectory_msgs_generate_messages_eus
[  0%] Built target control_msgs_generate_messages_nodejs
[  0%] Built target geometry_msgs_generate_messages_cpp
[  0%] Built target nav_msgs_generate_messages_eus
[  0%] Built target trajectory_msgs_generate_messages_cpp
[  0%] Built target tf_generate_messages_py
[  0%] Built target dynamic_reconfigure_generate_messages_py
[  0%] Built target geometry_msgs_generate_messages_lisp
[  0%] Built target actionlib_msgs_generate_messages_nodejs
[  0%] Built target actionlib_msgs_generate_messages_lisp
[  0%] Built target actionlib_msgs_generate_messages_cpp
[  0%] Built target control_toolbox_generate_messages_py
[  0%] Built target control_msgs_generate_messages_py
[  0%] Built target control_msgs_generate_messages_eus
[35m[1mScanning dependencies of target sentry_chassis_controller[0m
[  0%] Built target tf_generate_messages_cpp
[  0%] Built target actionlib_msgs_generate_messages_eus
[  0%] Built target geometry_msgs_generate_messages_nodejs
[  0%] Built target geometry_msgs_generate_messages_py
[  0%] Built target dynamic_reconfigure_generate_messages_eus
[  9%] Built target actionlib_generate_messages_eus
[  9%] Built target sentry_chassis_controller_generate_messages_nodejs
[  9%] Built target nav_msgs_generate_messages_py
[  9%] Built target trajectory_msgs_generate_messages_lisp
[  9%] Built target rosgraph_msgs_generate_messages_cpp
[ 18%] Built target sentry_chassis_controller_generate_messages_lisp
[ 36%] Built target sentry_chassis_controller_generate_messages_eus
[ 45%] Built target sentry_chassis_controller_generate_messages_cpp
[ 63%] Built target sentry_chassis_controller_generate_messages_py
[ 63%] Built target tf_generate_messages_lisp
[ 72%] [32mBuilding CXX object CMakeFiles/sentry_chassis_controller.dir/src/sentry_chassis_controller.cpp.o[0m
[ 72%] Built target sentry_chassis_controller_generate_messages
[ 90%] Built target teleop_keyboard
[100%] [32m[1mLinking CXX shared library /home/stewie/Final/devel/.private/sentry_chassis_controller/lib/libsentry_chassis_controller.so[0m
[100%] Built target sentry_chassis_controller
