[  0%] Built target rosgraph_msgs_generate_messages_lisp
[  0%] Built target tf_generate_messages_eus
[  0%] Built target actionlib_msgs_generate_messages_py
[  0%] Built target roscpp_generate_messages_cpp
[  0%] Built target std_msgs_generate_messages_lisp
[  0%] Built target std_msgs_generate_messages_eus
[  0%] Built target sensor_msgs_generate_messages_py
[  0%] Built target std_msgs_generate_messages_cpp
[  0%] Built target std_msgs_generate_messages_py
[  0%] Built target trajectory_msgs_generate_messages_py
[  0%] Built target tf2_msgs_generate_messages_nodejs
[  0%] Built target actionlib_generate_messages_py
[  0%] Built target tf2_msgs_generate_messages_lisp
[  0%] Built target sensor_msgs_generate_messages_nodejs
[  0%] Built target actionlib_generate_messages_cpp
[  0%] Built target actionlib_generate_messages_nodejs
[  0%] Built target tf2_msgs_generate_messages_eus
[  0%] Built target dynamic_reconfigure_gencfg
[  0%] Built target dynamic_reconfigure_generate_messages_nodejs
[  0%] Built target geometry_msgs_generate_messages_eus
[  0%] Built target nav_msgs_generate_messages_lisp
[  0%] Built target tf2_msgs_generate_messages_py
[  0%] Built target tf_generate_messages_nodejs
[  0%] Built target dynamic_reconfigure_generate_messages_lisp
[  0%] Built target control_toolbox_generate_messages_eus
[  0%] Built target rosgraph_msgs_generate_messages_nodejs
[  0%] Built target sensor_msgs_generate_messages_cpp
[  0%] Built target control_toolbox_gencfg
[  0%] Built target actionlib_generate_messages_lisp
[  0%] Built target std_msgs_generate_messages_nodejs
[  0%] Built target tf2_msgs_generate_messages_cpp
[  0%] Built target roscpp_generate_messages_eus
[  0%] Built target dynamic_reconfigure_generate_messages_cpp
[35m[1mScanning dependencies of target sentry_chassis_controller_gencfg[0m
[  0%] Built target control_toolbox_generate_messages_lisp
[  0%] Built target nav_msgs_generate_messages_nodejs
[  0%] Built target control_msgs_generate_messages_py
[  0%] Built target control_toolbox_generate_messages_cpp
[  0%] Built target geometry_msgs_generate_messages_cpp
[  0%] Built target rosgraph_msgs_generate_messages_py
[  0%] Built target sensor_msgs_generate_messages_eus
[  0%] Built target roscpp_generate_messages_nodejs
[  0%] Built target dynamic_reconfigure_generate_messages_py
[  0%] Built target nav_msgs_generate_messages_eus
[  0%] Built target sensor_msgs_generate_messages_lisp
[  0%] Built target rosgraph_msgs_generate_messages_eus
[  0%] Built target trajectory_msgs_generate_messages_eus
[  0%] Built target actionlib_msgs_generate_messages_eus
[  0%] Built target roscpp_generate_messages_py
[  0%] Built target control_msgs_generate_messages_lisp
[  0%] Built target control_msgs_generate_messages_nodejs
[  0%] Built target nav_msgs_generate_messages_cpp
[  0%] Built target actionlib_msgs_generate_messages_cpp
[  0%] Built target control_toolbox_generate_messages_nodejs
[  0%] Built target roscpp_generate_messages_lisp
[  0%] Built target trajectory_msgs_generate_messages_nodejs
[  0%] Built target _sentry_chassis_controller_generate_messages_check_deps_ChassisState
[  0%] Built target actionlib_msgs_generate_messages_nodejs
[  0%] Built target tf_generate_messages_py
[  0%] Built target actionlib_msgs_generate_messages_lisp
[  0%] Built target control_toolbox_generate_messages_py
[  0%] Built target control_msgs_generate_messages_cpp
[  8%] [34m[1mGenerating dynamic reconfigure files from cfg/PID.cfg: /home/stewie/Final/devel/.private/sentry_chassis_controller/include/sentry_chassis_controller/PIDConfig.h /home/stewie/Final/devel/.private/sentry_chassis_controller/lib/python3/dist-packages/sentry_chassis_controller/cfg/PIDConfig.py[0m
[  8%] Built target trajectory_msgs_generate_messages_cpp
[  8%] Built target tf_generate_messages_cpp
[  8%] Built target tf_generate_messages_lisp
[  8%] Built target geometry_msgs_generate_messages_lisp
[  8%] Built target rosgraph_msgs_generate_messages_cpp
[  8%] Built target control_msgs_generate_messages_eus
[  8%] Built target geometry_msgs_generate_messages_py
[  8%] Built target geometry_msgs_generate_messages_nodejs
[  8%] Built target actionlib_generate_messages_eus
[  8%] Built target nav_msgs_generate_messages_py
[  8%] Built target trajectory_msgs_generate_messages_lisp
[  8%] Built target dynamic_reconfigure_generate_messages_eus
[ 16%] [34m[1mGenerating Lisp code from sentry_chassis_controller/ChassisState.msg[0m
[ 25%] [34m[1mGenerating Javascript code from sentry_chassis_controller/ChassisState.msg[0m
[ 33%] [34m[1mGenerating EusLisp code from sentry_chassis_controller/ChassisState.msg[0m
[ 41%] [34m[1mGenerating C++ code from sentry_chassis_controller/ChassisState.msg[0m
[ 50%] [34m[1mGenerating Python from MSG sentry_chassis_controller/ChassisState[0m
Generating reconfiguration files for PID in sentry_chassis_controller
Wrote header file in /home/stewie/Final/devel/.private/sentry_chassis_controller/include/sentry_chassis_controller/PIDConfig.h
[ 50%] Built target sentry_chassis_controller_gencfg
[ 50%] Built target sentry_chassis_controller_generate_messages_lisp
[ 50%] Built target sentry_chassis_controller_generate_messages_nodejs
[ 58%] Built target sentry_chassis_controller_generate_messages_eus
[ 58%] Built target sentry_chassis_controller_generate_messages_cpp
[ 66%] [34m[1mGenerating Python msg __init__.py for sentry_chassis_controller[0m
[ 66%] Built target sentry_chassis_controller_generate_messages_py
[35m[1mScanning dependencies of target teleop_keyboard[0m
[35m[1mScanning dependencies of target sentry_chassis_controller[0m
[ 66%] Built target sentry_chassis_controller_generate_messages
[ 75%] [32mBuilding CXX object CMakeFiles/teleop_keyboard.dir/src/teleop_keyboard.cpp.o[0m
[ 83%] [32mBuilding CXX object CMakeFiles/sentry_chassis_controller.dir/src/sentry_chassis_controller.cpp.o[0m
[ 91%] [32m[1mLinking CXX executable /home/stewie/Final/devel/.private/sentry_chassis_controller/lib/sentry_chassis_controller/teleop_keyboard[0m
[ 91%] Built target teleop_keyboard
[100%] [32m[1mLinking CXX shared library /home/stewie/Final/devel/.private/sentry_chassis_controller/lib/libsentry_chassis_controller.so[0m
[100%] Built target sentry_chassis_controller
